[18abr2026 00:56:23.652] [main/INFO] [cpw.mods.modlauncher.Launcher/MODLAUNCHER]: ModLauncher running: args [--launchTarget, forgeclientdev, --version, 21.1.226, --assetIndex, 17, --assetsDir, C:\\Users\\munra\\.gradle\\caches\\neoformruntime\\assets, --gameDir, ., --fml.fmlVersion, 4.0.42, --fml.mcVersion, 1.21.1, --fml.neoForgeVersion, 21.1.226, --fml.neoFormVersion, 20240808.144430]
[18abr2026 00:56:23.659] [main/INFO] [cpw.mods.modlauncher.Launcher/MODLAUNCHER]: JVM identified as Eclipse Adoptium OpenJDK 64-Bit Server VM 21.0.10+7-LTS
[18abr2026 00:56:23.661] [main/INFO] [cpw.mods.modlauncher.Launcher/MODLAUNCHER]: ModLauncher 11.0.5+main.901c6ea8 starting: java version 21.0.10 by Eclipse Adoptium; OS Windows 11 arch amd64 version 10.0
[18abr2026 00:56:24.160] [main/INFO] [net.neoforged.fml.loading.ImmediateWindowHandler/]: Loading ImmediateWindowProvider fmlearlywindow
[18abr2026 00:56:24.404] [main/INFO] [EARLYDISPLAY/]: Trying GL version 4.6
[18abr2026 00:56:24.744] [main/INFO] [EARLYDISPLAY/]: Requested GL version 4.6 got version 4.6
[18abr2026 00:56:24.963] [main/INFO] [mixin/]: SpongePowered MIXIN Subsystem Version=0.8.7 Source=union:/C:/Users/munra/.gradle/caches/modules-2/files-2.1/net.fabricmc/sponge-mixin/0.15.2+mixin.0.8.7/2af2f021d8e02a0220dc27a7a72b4666d66d44ca/sponge-mixin-0.15.2+mixin.0.8.7.jar%23138!/ Service=ModLauncher Env=CLIENT
[18abr2026 00:56:25.226] [pool-2-thread-1/INFO] [EARLYDISPLAY/]: GL info: NVIDIA GeForce GTX 1080/PCIe/SSE2 GL version 4.6.0 NVIDIA 581.57, NVIDIA Corporation
[18abr2026 00:56:25.913] [main/INFO] [net.neoforged.fml.loading.moddiscovery.locators.JarInJarDependencyLocator/]: Found 2 dependencies adding them to mods collection
[18abr2026 00:56:25.916] [main/INFO] [net.neoforged.fml.loading.moddiscovery.ModDiscoverer/]: 
     Mod List:
		Name Version (Mod Id)

		Minecraft 1.21.1 (minecraft)
		NeoForge 21.1.226 (neoforge)
		SoulsMonarch 1.0-SNAPSHOT (souls_mod)
[18abr2026 00:56:27.678] [main/INFO] [cpw.mods.modlauncher.LaunchServiceHandler/MODLAUNCHER]: Launching target 'forgeclientdev' with arguments [--version, 21.1.226, --gameDir, ., --assetsDir, C:\Users\munra\.gradle\caches\neoformruntime\assets, --assetIndex, 17]
[18abr2026 00:56:30.609] [main/WARN] [oshi.driver.windows.perfmon.PerfmonDisabled/]: Invalid registry value type detected for PerfOS counters. Should be REG_DWORD. Ignoring: HKEY_LOCAL_MACHINE\SYSTEM\CurrentControlSet\Services\PerfOS\Performance\Disable Performance Counters.
[18abr2026 00:56:30.686] [pool-7-thread-1/INFO] [MixinExtras|Service/]: Initializing MixinExtras via com.llamalad7.mixinextras.service.MixinExtrasServiceImpl(version=0.5.3).
[18abr2026 00:56:30.713] [Datafixer Bootstrap/INFO] [com.mojang.datafixers.DataFixerBuilder/]: 229 Datafixer optimizations took 750 milliseconds
[18abr2026 00:56:39.942] [main/WARN] [net.minecraft.commands.Commands/]: Ambiguity between arguments [teleport, location] and [teleport, destination] with inputs: [0.1 -0.5 .9, 0 0 0]
[18abr2026 00:56:39.945] [main/WARN] [net.minecraft.commands.Commands/]: Ambiguity between arguments [teleport, location] and [teleport, targets] with inputs: [0.1 -0.5 .9, 0 0 0]
[18abr2026 00:56:39.952] [main/WARN] [net.minecraft.commands.Commands/]: Ambiguity between arguments [teleport, destination] and [teleport, targets] with inputs: [Player, 0123, @e, dd12be42-52a9-4a91-a8a1-11c01849e498]
[18abr2026 00:56:39.955] [main/WARN] [net.minecraft.commands.Commands/]: Ambiguity between arguments [teleport, targets] and [teleport, destination] with inputs: [Player, 0123, dd12be42-52a9-4a91-a8a1-11c01849e498]
[18abr2026 00:56:39.985] [main/WARN] [net.minecraft.commands.Commands/]: Ambiguity between arguments [teleport, targets, location] and [teleport, targets, destination] with inputs: [0.1 -0.5 .9, 0 0 0]
[18abr2026 00:56:40.198] [Render thread/WARN] [net.minecraft.server.packs.VanillaPackResourcesBuilder/]: Assets URL 'union:/Z:/Minecraft/Minecraft1.21.1/build/moddev/artifacts/neoforge-21.1.226.jar%23189!/assets/.mcassetsroot' uses unexpected schema
[18abr2026 00:56:40.198] [Render thread/WARN] [net.minecraft.server.packs.VanillaPackResourcesBuilder/]: Assets URL 'union:/Z:/Minecraft/Minecraft1.21.1/build/moddev/artifacts/neoforge-21.1.226.jar%23189!/data/.mcassetsroot' uses unexpected schema
[18abr2026 00:56:40.255] [Render thread/INFO] [com.mojang.authlib.yggdrasil.YggdrasilAuthenticationService/]: Environment: Environment[sessionHost=https://sessionserver.mojang.com, servicesHost=https://api.minecraftservices.com, name=PROD]
[18abr2026 00:56:40.275] [Render thread/INFO] [net.minecraft.client.Minecraft/]: Setting user: Dev
[18abr2026 00:56:40.463] [Render thread/INFO] [net.minecraft.client.Minecraft/]: Backend library: LWJGL version 3.3.3+5
[18abr2026 00:56:40.891] [modloading-worker-0/INFO] [net.neoforged.neoforge.common.NeoForgeMod/NEOFORGE-MOD]: NeoForge mod loading, version 21.1.226, for MC 1.21.1
[18abr2026 00:56:42.285] [Render thread/INFO] [net.neoforged.neoforge.gametest.GameTestHooks/]: Enabled Gametest Namespaces: [souls_mod]
[18abr2026 00:56:42.808] [Render thread/INFO] [net.minecraft.server.packs.resources.ReloadableResourceManager/]: Reloading ResourceManager: vanilla, mod_resources, mod/souls_mod, mod/neoforge
[18abr2026 00:56:42.837] [Worker-Main-1/INFO] [com.munrag.soulsmod.souls_mod.Souls_mod/]: HELLO FROM COMMON SETUP
[18abr2026 00:56:42.837] [Worker-Main-1/INFO] [com.munrag.soulsmod.souls_mod.Souls_mod/]: DIRT BLOCK >> minecraft:dirt
[18abr2026 00:56:42.838] [Worker-Main-1/INFO] [com.munrag.soulsmod.souls_mod.Souls_mod/]: The magic number is... 42
[18abr2026 00:56:42.842] [Worker-Main-1/INFO] [com.munrag.soulsmod.souls_mod.Souls_mod/]: ITEM >> minecraft:iron_ingot
[18abr2026 00:56:42.958] [Worker-Main-8/INFO] [com.munrag.soulsmod.souls_mod.Souls_mod/]: HELLO FROM CLIENT SETUP
[18abr2026 00:56:42.958] [Worker-Main-8/INFO] [com.munrag.soulsmod.souls_mod.Souls_mod/]: MINECRAFT NAME >> Dev
[18abr2026 00:56:43.045] [Worker-Main-9/INFO] [net.minecraft.client.gui.font.providers.UnihexProvider/]: Found unifont_all_no_pua-15.1.05.hex, loading
[18abr2026 00:56:43.376] [Worker-Main-5/INFO] [net.minecraft.client.gui.font.providers.UnihexProvider/]: Found unifont_jp_patch-15.1.05.hex, loading
[18abr2026 00:56:44.691] [Worker-Main-10/WARN] [net.minecraft.client.resources.model.BlockStateModelLoader/]: Exception loading blockstate definition: 'souls_mod:blockstates/example_block.json' missing model for variant: 'souls_mod:example_block#'
[18abr2026 00:56:44.695] [Worker-Main-10/WARN] [net.minecraft.client.resources.model.ModelBakery/]: Unable to load model: 'souls_mod:item/example_block' referenced from: souls_mod:item/example_block: java.io.FileNotFoundException: souls_mod:models/item/example_block.json
[18abr2026 00:56:44.697] [Worker-Main-10/WARN] [net.minecraft.client.resources.model.ModelBakery/]: Unable to load model: 'souls_mod:item/example_item' referenced from: souls_mod:item/example_item: java.io.FileNotFoundException: souls_mod:models/item/example_item.json
[18abr2026 00:56:45.735] [Render thread/WARN] [net.minecraft.client.sounds.SoundEngine/]: Missing sound for event: minecraft:item.goat_horn.play
[18abr2026 00:56:45.736] [Render thread/WARN] [net.minecraft.client.sounds.SoundEngine/]: Missing sound for event: minecraft:entity.goat.screaming.horn_break
[18abr2026 00:56:45.871] [Render thread/INFO] [com.mojang.blaze3d.audio.Library/]: OpenAL initialized on device OpenAL Soft on SteelSeries Sonar - Gaming (SteelSeries Sonar Virtual Audio Device)
[18abr2026 00:56:45.873] [Render thread/INFO] [net.minecraft.client.sounds.SoundEngine/SOUNDS]: Sound engine started
[18abr2026 00:56:46.074] [Render thread/INFO] [net.minecraft.client.renderer.texture.TextureAtlas/]: Created: 1024x512x4 minecraft:textures/atlas/blocks.png-atlas
[18abr2026 00:56:46.097] [Render thread/INFO] [net.minecraft.client.renderer.texture.TextureAtlas/]: Created: 256x256x4 minecraft:textures/atlas/signs.png-atlas
[18abr2026 00:56:46.097] [Render thread/INFO] [net.minecraft.client.renderer.texture.TextureAtlas/]: Created: 512x512x4 minecraft:textures/atlas/shield_patterns.png-atlas
[18abr2026 00:56:46.098] [Render thread/INFO] [net.minecraft.client.renderer.texture.TextureAtlas/]: Created: 512x512x4 minecraft:textures/atlas/banner_patterns.png-atlas
[18abr2026 00:56:46.099] [Render thread/INFO] [net.minecraft.client.renderer.texture.TextureAtlas/]: Created: 1024x1024x4 minecraft:textures/atlas/armor_trims.png-atlas
[18abr2026 00:56:46.105] [Render thread/INFO] [net.minecraft.client.renderer.texture.TextureAtlas/]: Created: 256x256x4 minecraft:textures/atlas/chest.png-atlas
[18abr2026 00:56:46.106] [Render thread/INFO] [net.minecraft.client.renderer.texture.TextureAtlas/]: Created: 128x64x4 minecraft:textures/atlas/decorated_pot.png-atlas
[18abr2026 00:56:46.106] [Render thread/INFO] [net.minecraft.client.renderer.texture.TextureAtlas/]: Created: 512x256x4 minecraft:textures/atlas/beds.png-atlas
[18abr2026 00:56:46.107] [Render thread/INFO] [net.minecraft.client.renderer.texture.TextureAtlas/]: Created: 512x256x4 minecraft:textures/atlas/shulker_boxes.png-atlas
[18abr2026 00:56:46.284] [Render thread/INFO] [net.minecraft.client.renderer.texture.TextureAtlas/]: Created: 512x256x0 minecraft:textures/atlas/particles.png-atlas
[18abr2026 00:56:46.285] [Render thread/INFO] [net.minecraft.client.renderer.texture.TextureAtlas/]: Created: 512x256x0 minecraft:textures/atlas/paintings.png-atlas
[18abr2026 00:56:46.286] [Render thread/INFO] [net.minecraft.client.renderer.texture.TextureAtlas/]: Created: 256x128x0 minecraft:textures/atlas/mob_effects.png-atlas
[18abr2026 00:56:46.286] [Render thread/INFO] [net.minecraft.client.renderer.texture.TextureAtlas/]: Created: 64x64x0 minecraft:textures/atlas/map_decorations.png-atlas
[18abr2026 00:56:46.286] [Render thread/INFO] [net.minecraft.client.renderer.texture.TextureAtlas/]: Created: 1024x512x0 minecraft:textures/atlas/gui.png-atlas
[18abr2026 00:56:46.335] [Render thread/WARN] [net.minecraft.client.renderer.ShaderInstance/]: Shader rendertype_entity_translucent_emissive could not find sampler named Sampler2 in the specified shader program.
[18abr2026 00:56:46.455] [Render thread/INFO] [net.neoforged.neoforge.client.entity.animation.json.AnimationLoader/]: Loaded 0 entity animations
[18abr2026 00:58:50.137] [Render thread/INFO] [net.minecraft.world.item.crafting.RecipeManager/]: Loaded 1290 recipes
[18abr2026 00:58:50.472] [Render thread/INFO] [net.minecraft.advancements.AdvancementTree/]: Loaded 1399 advancements
[18abr2026 00:58:51.437] [Server thread/INFO] [net.minecraft.client.server.IntegratedServer/]: Starting integrated minecraft server version 1.21.1
[18abr2026 00:58:51.438] [Server thread/INFO] [net.minecraft.server.MinecraftServer/]: Generating keypair
[18abr2026 00:58:53.476] [Server thread/INFO] [net.minecraft.server.MinecraftServer/]: Preparing start region for dimension minecraft:overworld
[18abr2026 00:58:54.170] [progressListener/INFO] [net.minecraft.server.level.progress.LoggerChunkProgressListener/]: Preparing spawn area: 0%
[18abr2026 00:58:54.171] [progressListener/INFO] [net.minecraft.server.level.progress.LoggerChunkProgressListener/]: Preparing spawn area: 0%
[18abr2026 00:58:54.537] [Server thread/INFO] [net.neoforged.neoforge.server.permission.PermissionAPI/]: Successfully initialized permission handler neoforge:default_handler
[18abr2026 00:58:54.537] [Server thread/INFO] [com.munrag.soulsmod.souls_mod.Souls_mod/]: HELLO from server starting
[18abr2026 00:58:54.546] [progressListener/INFO] [net.minecraft.server.level.progress.LoggerChunkProgressListener/]: Time elapsed: 1054 ms
[18abr2026 00:58:54.667] [Server thread/INFO] [net.minecraft.client.server.IntegratedServer/]: Changing view distance to 12, from 10
[18abr2026 00:58:54.667] [Server thread/INFO] [net.minecraft.client.server.IntegratedServer/]: Changing simulation distance to 12, from 0
[18abr2026 00:58:55.892] [Server thread/INFO] [net.minecraft.server.players.PlayerList/]: Dev[local:E:797d936a] logged in with entity id 17 at (-55.546598520667885, 63.0, -14.783260895280177)
[18abr2026 00:58:56.000] [Server thread/INFO] [net.minecraft.server.MinecraftServer/]: Dev joined the game
[18abr2026 00:58:56.458] [Render thread/INFO] [net.minecraft.advancements.AdvancementTree/]: Loaded 54 advancements
[18abr2026 00:58:57.588] [Server thread/INFO] [net.minecraft.client.server.IntegratedServer/]: Saving and pausing game...
[18abr2026 00:58:57.624] [Server thread/INFO] [net.minecraft.server.MinecraftServer/]: Saving chunks for level 'ServerLevel[New World]'/minecraft:overworld
[18abr2026 00:58:57.658] [Server thread/INFO] [net.minecraft.server.MinecraftServer/]: Saving chunks for level 'ServerLevel[New World]'/minecraft:the_end
[18abr2026 00:58:57.658] [Server thread/INFO] [net.minecraft.server.MinecraftServer/]: Saving chunks for level 'ServerLevel[New World]'/minecraft:the_nether
[18abr2026 00:59:02.258] [Server thread/INFO] [net.minecraft.client.server.IntegratedServer/]: Saving and pausing game...
[18abr2026 00:59:02.271] [Server thread/INFO] [net.minecraft.server.MinecraftServer/]: Saving chunks for level 'ServerLevel[New World]'/minecraft:overworld
[18abr2026 00:59:03.644] [Server thread/INFO] [net.minecraft.server.MinecraftServer/]: Saving chunks for level 'ServerLevel[New World]'/minecraft:the_end
[18abr2026 00:59:03.644] [Server thread/INFO] [net.minecraft.server.MinecraftServer/]: Saving chunks for level 'ServerLevel[New World]'/minecraft:the_nether
[18abr2026 00:59:07.390] [Server thread/INFO] [net.minecraft.client.server.IntegratedServer/]: Saving and pausing game...
[18abr2026 00:59:07.404] [Server thread/INFO] [net.minecraft.server.MinecraftServer/]: Saving chunks for level 'ServerLevel[New World]'/minecraft:overworld
[18abr2026 00:59:07.432] [Server thread/INFO] [net.minecraft.server.MinecraftServer/]: Saving chunks for level 'ServerLevel[New World]'/minecraft:the_end
[18abr2026 00:59:07.433] [Server thread/INFO] [net.minecraft.server.MinecraftServer/]: Saving chunks for level 'ServerLevel[New World]'/minecraft:the_nether
[18abr2026 00:59:08.940] [Server thread/INFO] [net.minecraft.client.server.IntegratedServer/]: Saving and pausing game...
[18abr2026 00:59:08.953] [Server thread/INFO] [net.minecraft.server.MinecraftServer/]: Saving chunks for level 'ServerLevel[New World]'/minecraft:overworld
[18abr2026 00:59:08.970] [Server thread/INFO] [net.minecraft.server.MinecraftServer/]: Saving chunks for level 'ServerLevel[New World]'/minecraft:the_end
[18abr2026 00:59:08.971] [Server thread/INFO] [net.minecraft.server.MinecraftServer/]: Saving chunks for level 'ServerLevel[New World]'/minecraft:the_nether
[18abr2026 00:59:10.615] [Render thread/INFO] [net.minecraft.client.Minecraft/]: Stopping!
[18abr2026 00:59:10.676] [Server thread/INFO] [net.minecraft.server.network.ServerGamePacketListenerImpl/]: Dev lost connection: Disconnected
[18abr2026 00:59:10.677] [Server thread/INFO] [net.minecraft.server.MinecraftServer/]: Dev left the game
[18abr2026 00:59:10.692] [Server thread/INFO] [net.minecraft.server.network.ServerCommonPacketListenerImpl/]: Stopping singleplayer server as player logged out
[18abr2026 00:59:10.729] [Server thread/INFO] [net.minecraft.server.MinecraftServer/]: Stopping server
[18abr2026 00:59:10.730] [Server thread/INFO] [net.minecraft.server.MinecraftServer/]: Saving players
[18abr2026 00:59:10.730] [Server thread/INFO] [net.minecraft.server.MinecraftServer/]: Saving worlds
[18abr2026 00:59:10.921] [Server thread/INFO] [net.minecraft.server.MinecraftServer/]: Saving chunks for level 'ServerLevel[New World]'/minecraft:overworld
[18abr2026 00:59:11.019] [Server thread/INFO] [net.minecraft.server.MinecraftServer/]: Saving chunks for level 'ServerLevel[New World]'/minecraft:the_end
[18abr2026 00:59:11.024] [Server thread/INFO] [net.minecraft.server.MinecraftServer/]: Saving chunks for level 'ServerLevel[New World]'/minecraft:the_nether
[18abr2026 00:59:11.040] [Server thread/INFO] [net.minecraft.server.MinecraftServer/]: ThreadedAnvilChunkStorage (New World): All chunks are saved
[18abr2026 00:59:11.040] [Server thread/INFO] [net.minecraft.server.MinecraftServer/]: ThreadedAnvilChunkStorage (DIM1): All chunks are saved
[18abr2026 00:59:11.041] [Server thread/INFO] [net.minecraft.server.MinecraftServer/]: ThreadedAnvilChunkStorage (DIM-1): All chunks are saved
[18abr2026 00:59:11.041] [Server thread/INFO] [net.minecraft.server.MinecraftServer/]: ThreadedAnvilChunkStorage: All dimensions are saved
